<?xml version="1.0" encoding="utf-8"?><testsuites name="pytest tests"><testsuite name="pytest" errors="0" failures="0" skipped="0" tests="39" time="1.401" timestamp="2026-05-02T08:59:28.170260+00:00" hostname="agent-env-70396e14-44bd-4b23-aff5-ccabceb73c7c"><testcase classname="backend.tests.test_cro_uplift" name="test_health" time="0.003" /><testcase classname="backend.tests.test_cro_uplift" name="test_root_language_chooser" time="0.045" /><testcase classname="backend.tests.test_cro_uplift" name="test_home_200[ru]" time="0.030" /><testcase classname="backend.tests.test_cro_uplift" name="test_home_200[de]" time="0.002" /><testcase classname="backend.tests.test_cro_uplift" name="test_home_ru_hero_copy" time="0.002" /><testcase classname="backend.tests.test_cro_uplift" name="test_home_de_hero_copy" time="0.002" /><testcase classname="backend.tests.test_cro_uplift" name="test_home_mockup_and_status" time="0.002" /><testcase classname="backend.tests.test_cro_uplift" name="test_home_hero_ctas" time="0.003" /><testcase classname="backend.tests.test_cro_uplift" name="test_home_trust_strip" time="0.002" /><testcase classname="backend.tests.test_cro_uplift" name="test_home_cost_block" time="0.044" /><testcase classname="backend.tests.test_cro_uplift" name="test_home_flow_timeline" time="0.002" /><testcase classname="backend.tests.test_cro_uplift" name="test_home_industries_use_case" time="0.002" /><testcase classname="backend.tests.test_cro_uplift" name="test_solution_stub_pages_ru[clinic]" time="0.044" /><testcase classname="backend.tests.test_cro_uplift" name="test_solution_stub_pages_ru[auto]" time="0.043" /><testcase classname="backend.tests.test_cro_uplift" name="test_solution_stub_pages_ru[food]" time="0.043" /><testcase classname="backend.tests.test_cro_uplift" name="test_solution_stub_pages_ru[real-estate]" time="0.043" /><testcase classname="backend.tests.test_cro_uplift" name="test_solution_stub_pages_ru[retail]" time="0.043" /><testcase classname="backend.tests.test_cro_uplift" name="test_solution_stub_de_food" time="0.042" /><testcase classname="backend.tests.test_cro_uplift" name="test_solution_full_detail[beauty]" time="0.046" /><testcase classname="backend.tests.test_cro_uplift" name="test_solution_full_detail[education]" time="0.043" /><testcase classname="backend.tests.test_cro_uplift" name="test_pricing_packages_order[ru]" time="0.049" /><testcase classname="backend.tests.test_cro_uplift" name="test_pricing_packages_order[de]" time="0.043" /><testcase classname="backend.tests.test_cro_uplift" name="test_pricing_pro_popular_badge" time="0.085" /><testcase classname="backend.tests.test_cro_uplift" name="test_pricing_self_serve_quiet_block" time="0.043" /><testcase classname="backend.tests.test_cro_uplift" name="test_pricing_ctas" time="0.084" /><testcase classname="backend.tests.test_cro_uplift" name="test_pricing_faq_five" time="0.043" /><testcase classname="backend.tests.test_cro_uplift" name="test_demo_scenarios" time="0.090" /><testcase classname="backend.tests.test_cro_uplift" name="test_contact_form_fields" time="0.046" /><testcase classname="backend.tests.test_cro_uplift" name="test_lead_ok" time="0.044" /><testcase classname="backend.tests.test_cro_uplift" name="test_lead_missing_name" time="0.042" /><testcase classname="backend.tests.test_cro_uplift" name="test_about_how_block[ru-\u041a\u0430\u043a \u043c\u044b \u0440\u0430\u0431\u043e\u0442\u0430\u0435\u043c]" time="0.045" /><testcase classname="backend.tests.test_cro_uplift" name="test_about_how_block[de-So arbeiten wir]" time="0.043" /><testcase classname="backend.tests.test_cro_uplift" name="test_header_cta" time="0.002" /><testcase classname="backend.tests.test_cro_uplift" name="test_mobile_sticky_on_home" time="0.002" /><testcase classname="backend.tests.test_cro_uplift" name="test_inline_lead_form" time="0.002" /><testcase classname="backend.tests.test_cro_uplift" name="test_seo_canonical_hreflang" time="0.044" /><testcase classname="backend.tests.test_cro_uplift" name="test_seo_titles" time="0.044" /><testcase classname="backend.tests.test_cro_uplift" name="test_home_schemas_present" time="0.002" /><testcase classname="backend.tests.test_cro_uplift" name="test_footer_trust_copy" time="0.044" /></testsuite></testsuites>